camera       cam1
pixel_dim      800   600 
world_dim      8.0   6.0 
view_point     4.0   3.0   3.0

material     green 
ambient        0.0   5.0   0.0 
diffuse        0.0   0.0   0.0 
specular       0.0   0.0   0.0 

material     yellow 
ambient        5.0   4.0   0.0 
diffuse        0.0   0.0   0.0 
specular       0.0   0.0   0.0 

material     gray 
ambient        2.5   2.5   3.5 
diffuse        0.0   0.0   0.0 
specular       0.0   0.0   0.0 

plane        leftwall 
material     green 
normal         3.0   0.0   1.0 
point          1.0   0.0   0.0 

plane        rightwall 
material     yellow 
normal        -3.0   0.0   1.0 
point          7.0   0.0   0.0 

plane        floor 
material     gray 
normal         0.0   1.0   0.0 
point          0.0  -0.2   0.0 

